app/build/intermediates/manifest_merge_blame_file/debug/manifest-merger-blame-debug-report.txt
1<?xml version="1.0" encoding="utf-8"?>
2<manifest xmlns:android="http://schemas.android.com/apk/res/android"
3    package="com.mitlab.zusliu.data"
4    android:versionCode="1"
5    android:versionName="1.0" >
6
7    <uses-sdk
7-->src\main\AndroidManifest.xml:5:5-44
8        android:minSdkVersion="16"
8-->src\main\AndroidManifest.xml:5:15-41
9        android:targetSdkVersion="29" />
9-->src\main\AndroidManifest.xml:5:5-44
10
11    <uses-permission android:name="android.permission.BLUETOOTH_ADMIN" />
11-->src\main\AndroidManifest.xml:7:5-74
11-->src\main\AndroidManifest.xml:7:22-71
12    <uses-permission android:name="android.permission.BLUETOOTH" />
12-->src\main\AndroidManifest.xml:8:5-68
12-->src\main\AndroidManifest.xml:8:22-65
13    <uses-permission android:name="android.permission.ACCESS_NETWORK_STATE" />
13-->src\main\AndroidManifest.xml:9:5-79
13-->src\main\AndroidManifest.xml:9:22-76
14    <uses-permission android:name="android.permission.ACCESS_WIFI_STATE" />
14-->src\main\AndroidManifest.xml:10:5-76
14-->src\main\AndroidManifest.xml:10:22-73
15    <uses-permission android:name="android.permission.CHANGE_WIFI_STATE" />
15-->src\main\AndroidManifest.xml:11:5-76
15-->src\main\AndroidManifest.xml:11:22-73
16    <uses-permission android:name="android.permission.INTERNET" />
16-->src\main\AndroidManifest.xml:12:5-67
16-->src\main\AndroidManifest.xml:12:22-64
17    <uses-permission android:name="android.permission.READ_EXTERNAL_STORAGE" />
17-->src\main\AndroidManifest.xml:13:5-80
17-->src\main\AndroidManifest.xml:13:22-77
18    <uses-permission android:name="android.permission.WRITE_EXTERNAL_STORAGE" />
18-->src\main\AndroidManifest.xml:14:5-81
18-->src\main\AndroidManifest.xml:14:22-78
19    <uses-permission android:name="android.permission.ACCESS_FINE_LOCATION" />
19-->src\main\AndroidManifest.xml:15:5-79
19-->src\main\AndroidManifest.xml:15:22-76
20    <uses-permission android:name="android.permission.ACCESS_COARSE_LOCATION" />
20-->src\main\AndroidManifest.xml:16:5-81
20-->src\main\AndroidManifest.xml:16:22-78
21    <uses-permission android:name="android.permission.CAMERA" />
21-->src\main\AndroidManifest.xml:17:5-65
21-->src\main\AndroidManifest.xml:17:22-62
22    <uses-permission android:name="android.permission.VIBRATE" />
22-->src\main\AndroidManifest.xml:18:5-66
22-->src\main\AndroidManifest.xml:18:22-63
23    <uses-permission android:name="android.permission." />
23-->src\main\AndroidManifest.xml:19:5-59
23-->src\main\AndroidManifest.xml:19:22-56
24
25    <uses-feature
25-->src\main\AndroidManifest.xml:21:5-23:35
26        android:name="android.hardware.bluetooth_le"
26-->src\main\AndroidManifest.xml:22:9-53
27        android:required="true" />
27-->src\main\AndroidManifest.xml:23:9-32
28    <uses-feature
28-->src\main\AndroidManifest.xml:24:5-26:35
29        android:name="android.hardware.camera"
29-->src\main\AndroidManifest.xml:25:9-47
30        android:required="true" />
30-->src\main\AndroidManifest.xml:26:9-32
31
32    <application
32-->src\main\AndroidManifest.xml:28:5-45:19
33        android:allowBackup="true"
33-->src\main\AndroidManifest.xml:29:9-35
34        android:debuggable="true"
35        android:icon="@drawable/ntust"
35-->src\main\AndroidManifest.xml:30:9-39
36        android:label="@string/app_name"
36-->src\main\AndroidManifest.xml:31:9-41
37        android:supportsRtl="true"
37-->src\main\AndroidManifest.xml:32:9-35
38        android:theme="@style/AppTheme" >
38-->src\main\AndroidManifest.xml:33:9-40
39        <meta-data
39-->src\main\AndroidManifest.xml:34:9-36:62
40            android:name="com.google.android.actions"
40-->src\main\AndroidManifest.xml:35:13-54
41            android:resource="@xml/button_rectangle_style" />
41-->src\main\AndroidManifest.xml:36:13-59
42
43        <activity android:name="com.mitlab.zusliu.User.Interface.MainActivity" >
43-->src\main\AndroidManifest.xml:38:9-44:20
43-->src\main\AndroidManifest.xml:38:19-62
44            <intent-filter>
44-->src\main\AndroidManifest.xml:39:13-43:29
45                <action android:name="android.intent.action.MAIN" />
45-->src\main\AndroidManifest.xml:40:17-69
45-->src\main\AndroidManifest.xml:40:25-66
46
47                <category android:name="android.intent.category.LAUNCHER" />
47-->src\main\AndroidManifest.xml:42:17-77
47-->src\main\AndroidManifest.xml:42:27-74
48            </intent-filter>
49        </activity>
50    </application>
51
52</manifest>